{"/Users/guyo/Code/test/tsc/src/index.js": {"path":"/Users/guyo/Code/test/tsc/src/index.js","statementMap":{"0":{"start":{"line":1,"column":0},"end":{"line":1,"column":25}},"1":{"start":{"line":2,"column":0},"end":{"line":2,"column":25}},"2":{"start":{"line":3,"column":0},"end":{"line":3,"column":25}},"3":{"start":{"line":5,"column":0},"end":{"line":5,"column":16}},"4":{"start":{"line":6,"column":0},"end":{"line":6,"column":16}},"5":{"start":{"line":7,"column":0},"end":{"line":7,"column":16}}},"fnMap":{},"branchMap":{},"s":{"0":0,"1":0,"2":0,"3":0,"4":0,"5":0},"f":{},"b":{}}
,"/Users/guyo/Code/test/tsc/src/test0.ts": {"path":"/Users/guyo/Code/test/tsc/src/test0.ts","statementMap":{"0":{"start":{"line":1,"column":0},"end":{"line":1,"column":32}},"1":{"start":{"line":3,"column":0},"end":{"line":3,"column":30}}},"fnMap":{},"branchMap":{},"s":{"0":1,"1":1},"f":{},"b":{}}
,"/Users/guyo/Code/test/tsc/src/test1.js": {"path":"/Users/guyo/Code/test/tsc/src/test1.js","statementMap":{"0":{"start":{"line":1,"column":0},"end":{"line":1,"column":32}},"1":{"start":{"line":3,"column":0},"end":{"line":3,"column":46}}},"fnMap":{},"branchMap":{"0":{"loc":{"start":{"line":3,"column":28},"end":{"line":3,"column":44}},"type":"binary-expr","locations":[{"start":{"line":3,"column":28},"end":{"line":3,"column":31}},{"start":{"line":3,"column":35},"end":{"line":3,"column":44}}]}},"s":{"0":1,"1":1},"f":{},"b":{"0":[1,0]}}
,"/Users/guyo/Code/test/tsc/src/test2.js": {"path":"/Users/guyo/Code/test/tsc/src/test2.js","statementMap":{"0":{"start":{"line":1,"column":12},"end":{"line":1,"column":32}},"1":{"start":{"line":3,"column":0},"end":{"line":3,"column":37}}},"fnMap":{},"branchMap":{},"s":{"0":1,"1":1},"f":{},"b":{}}
,"/Users/guyo/Code/test/tsc/src/utility.js": {"path":"/Users/guyo/Code/test/tsc/src/utility.js","statementMap":{"0":{"start":{"line":1,"column":13},"end":{"line":1,"column":25}}},"fnMap":{},"branchMap":{},"s":{"0":3},"f":{},"b":{}}
}
