<?xml version="1.0" encoding="UTF-8"?>
<coverage generated="1656919341488" clover="3.2.0">
  <project timestamp="1656919341488" name="All files">
    <metrics statements="10" coveredstatements="7" conditionals="2" coveredconditionals="1" methods="1" coveredmethods="1" elements="13" coveredelements="9" complexity="0" loc="10" ncloc="10" packages="1" files="5" classes="5"/>
    <file name="index.js" path="/Users/guyo/Code/test/src/index.js">
      <metrics statements="3" coveredstatements="0" conditionals="0" coveredconditionals="0" methods="0" coveredmethods="0"/>
      <line num="5" count="0" type="stmt"/>
      <line num="6" count="0" type="stmt"/>
      <line num="7" count="0" type="stmt"/>
    </file>
    <file name="test0.ts" path="/Users/guyo/Code/test/src/test0.ts">
      <metrics statements="2" coveredstatements="2" conditionals="0" coveredconditionals="0" methods="0" coveredmethods="0"/>
      <line num="1" count="1" type="stmt"/>
      <line num="3" count="1" type="stmt"/>
    </file>
    <file name="test1.js" path="/Users/guyo/Code/test/src/test1.js">
      <metrics statements="2" coveredstatements="2" conditionals="2" coveredconditionals="1" methods="0" coveredmethods="0"/>
      <line num="1" count="1" type="stmt"/>
      <line num="3" count="1" type="cond" truecount="1" falsecount="1"/>
    </file>
    <file name="test2.js" path="/Users/guyo/Code/test/src/test2.js">
      <metrics statements="2" coveredstatements="2" conditionals="0" coveredconditionals="0" methods="0" coveredmethods="0"/>
      <line num="1" count="1" type="stmt"/>
      <line num="3" count="1" type="stmt"/>
    </file>
    <file name="utility.js" path="/Users/guyo/Code/test/src/utility.js">
      <metrics statements="1" coveredstatements="1" conditionals="0" coveredconditionals="0" methods="1" coveredmethods="1"/>
      <line num="1" count="3" type="stmt"/>
    </file>
  </project>
</coverage>
