{"/Users/guyo/Code/test/src/index.js": {"path":"/Users/guyo/Code/test/src/index.js","statementMap":{"0":{"start":{"line":5,"column":0},"end":{"line":5,"column":16}},"1":{"start":{"line":6,"column":0},"end":{"line":6,"column":16}},"2":{"start":{"line":7,"column":0},"end":{"line":7,"column":16}}},"fnMap":{},"branchMap":{},"s":{"0":0,"1":0,"2":0},"f":{},"b":{}}
,"/Users/guyo/Code/test/src/test0.ts": {"path":"/Users/guyo/Code/test/src/test0.ts","statementMap":{"0":{"start":{"line":1,"column":20},"end":{"line":1,"column":null}},"1":{"start":{"line":3,"column":15},"end":{"line":3,"column":null}}},"fnMap":{},"branchMap":{},"s":{"0":1,"1":1},"f":{},"b":{}}
,"/Users/guyo/Code/test/src/test1.js": {"path":"/Users/guyo/Code/test/src/test1.js","statementMap":{"0":{"start":{"line":1,"column":20},"end":{"line":1,"column":null}},"1":{"start":{"line":3,"column":15},"end":{"line":3,"column":45}}},"fnMap":{},"branchMap":{"0":{"loc":{"start":{"line":3,"column":28},"end":{"line":3,"column":44}},"type":"binary-expr","locations":[{"start":{"line":3,"column":28},"end":{"line":3,"column":35}},{"start":{"line":3,"column":35},"end":{"line":3,"column":44}}]}},"s":{"0":1,"1":1},"f":{},"b":{"0":[1,0]}}
,"/Users/guyo/Code/test/src/test2.js": {"path":"/Users/guyo/Code/test/src/test2.js","statementMap":{"0":{"start":{"line":1,"column":12},"end":{"line":1,"column":32}},"1":{"start":{"line":3,"column":0},"end":{"line":3,"column":37}}},"fnMap":{},"branchMap":{},"s":{"0":1,"1":1},"f":{},"b":{}}
,"/Users/guyo/Code/test/src/utility.js": {"path":"/Users/guyo/Code/test/src/utility.js","statementMap":{"0":{"start":{"line":1,"column":13},"end":{"line":1,"column":16}},"1":{"start":{"line":1,"column":19},"end":{"line":1,"column":24}}},"fnMap":{"0":{"name":"(anonymous_0)","decl":{"start":{"line":1,"column":13},"end":{"line":1,"column":16}},"loc":{"start":{"line":1,"column":13},"end":{"line":1,"column":16}}}},"branchMap":{},"s":{"0":3,"1":3},"f":{"0":3},"b":{}}
}
